Using pre-set license
Built from '2020.3/staging' branch; Version is '2020.3.24f1 (79c78de19888) revision 7980941'; Using compiler version '192528614'; Build Type 'Release'
OS: 'Windows 11  (10.0.22000) 64bit Core' Language: 'ko' Physical Memory: 20225 MB
BatchMode: 1, IsHumanControllingUs: 0, StartBugReporterOnCrash: 0, Is64bit: 1, IsPro: 0

COMMAND LINE ARGUMENTS:
C:\Program Files\Unity\Hub\Editor\2020.3.24f1\Editor\Unity.exe
-adb2
-batchMode
-noUpm
-name
AssetImportWorker0
-projectPath
C:/Users/DELL/Desktop/2022-Unity-Lecture/파티클 기초
-logFile
Logs/AssetImportWorker0.log
-srvPort
61665
Successfully changed project path to: C:/Users/DELL/Desktop/2022-Unity-Lecture/파티클 기초
C:/Users/DELL/Desktop/2022-Unity-Lecture/파티클 기초
Using Asset Import Pipeline V2.
