Using pre-set license
Built from '2020.3/staging' branch; Version is '2020.3.24f1 (79c78de19888) revision 7980941'; Using compiler version '192528614'; Build Type 'Release'
OS: 'Windows 11  (10.0.22000) 64bit Core' Language: 'ko' Physical Memory: 20225 MB
BatchMode: 1, IsHumanControllingUs: 0, StartBugReporterOnCrash: 0, Is64bit: 1, IsPro: 0

COMMAND LINE ARGUMENTS:
C:\Program Files\Unity\Hub\Editor\2020.3.24f1\Editor\Unity.exe
-adb2
-batchMode
-noUpm
-name
AssetImportWorker0
-projectPath
C:/Users/DELL/Desktop/2022-Unity-Lecture/파티클 기초
-logFile
Logs/AssetImportWorker0.log
-srvPort
52327
Successfully changed project path to: C:/Users/DELL/Desktop/2022-Unity-Lecture/파티클 기초
C:/Users/DELL/Desktop/2022-Unity-Lecture/파티클 기초
Using Asset Import Pipeline V2.
Refreshing native plugins compatible for Editor in 31.74 ms, found 2 plugins.
Preloading 0 native plugins for Editor in 0.00 ms.
Initialize engine version: 2020.3.24f1 (79c78de19888)
[Subsystems] Discovering subsystems at path C:/Program Files/Unity/Hub/Editor/2020.3.24f1/Editor/Data/Resources/UnitySubsystems
[Subsystems] Discovering subsystems at path C:/Users/DELL/Desktop/2022-Unity-Lecture/파티클 기초/Assets
GfxDevice: creating device client; threaded=0
Direct3D:
    Version:  Direct3D 11.0 [level 11.1]
    Renderer: NVIDIA GeForce GTX 1650 Ti (ID=0x1f95)
    Vendor:   
    VRAM:     3964 MB
    Driver:   27.21.14.6231
Initialize mono
Mono path[0] = 'C:/Program Files/Unity/Hub/Editor/2020.3.24f1/Editor/Data/Managed'
Mono path[1] = 'C:/Program Files/Unity/Hub/Editor/2020.3.24f1/Editor/Data/MonoBleedingEdge/lib/mono/unityjit'
Mono config path = 'C:/Program Files/Unity/Hub/Editor/2020.3.24f1/Editor/Data/MonoBleedingEdge/etc'
Using monoOptions --debugger-agent=transport=dt_socket,embedding=1,server=y,suspend=n,address=127.0.0.1:56200
Begin MonoManager ReloadAssembly
Registering precompiled unity dll's ...
Register platform support module: C:/Program Files/Unity/Hub/Editor/2020.3.24f1/Editor/Data/PlaybackEngines/WindowsStandaloneSupport/UnityEditor.WindowsStandalone.Extensions.dll
Registered in 0.001264 seconds.
Native extension for WindowsStandalone target not found
Refreshing native plugins compatible for Editor in 35.50 ms, found 2 plugins.
Preloading 0 native plugins for Editor in 0.00 ms.
Mono: successfully reloaded assembly
- Completed reload, in  0.569 seconds
Domain Reload Profiling:
	ReloadAssembly (569ms)
		BeginReloadAssembly (45ms)
			ExecutionOrderSort (0ms)
			DisableScriptedObjects (0ms)
			BackupInstance (0ms)
			ReleaseScriptingObjects (0ms)
			CreateAndSetChildDomain (1ms)
		EndReloadAssembly (462ms)
			LoadAssemblies (43ms)
			RebuildTransferFunctionScriptingTraits (0ms)
			SetupTypeCache (158ms)
			ReleaseScriptCaches (0ms)
			RebuildScriptCaches (32ms)
			SetupLoadedEditorAssemblies (166ms)
				LogAssemblyErrors (0ms)
				InitializePlatformSupportModulesInManaged (7ms)
				SetLoadedEditorAssemblies (0ms)
				RefreshPlugins (36ms)
				BeforeProcessingInitializeOnLoad (16ms)
				ProcessInitializeOnLoadAttributes (81ms)
				ProcessInitializeOnLoadMethodAttributes (26ms)
				AfterProcessingInitializeOnLoad (0ms)
				EditorAssembliesLoaded (0ms)
			ExecutionOrderSort2 (0ms)
			AwakeInstancesAfterBackupRestoration (0ms)
Platform modules already initialized, skipping
Registering precompiled user dll's ...
Registered in 0.003797 seconds.
Begin MonoManager ReloadAssembly
Native extension for WindowsStandalone target not found
Refreshing native plugins compatible for Editor in 0.31 ms, found 2 plugins.
Preloading 0 native plugins for Editor in 0.00 ms.
Mono: successfully reloaded assembly
- Completed reload, in  0.954 seconds
Domain Reload Profiling:
	ReloadAssembly (955ms)
		BeginReloadAssembly (132ms)
			ExecutionOrderSort (0ms)
			DisableScriptedObjects (4ms)
			BackupInstance (0ms)
			ReleaseScriptingObjects (0ms)
			CreateAndSetChildDomain (20ms)
		EndReloadAssembly (767ms)
			LoadAssemblies (79ms)
			RebuildTransferFunctionScriptingTraits (0ms)
			SetupTypeCache (282ms)
			ReleaseScriptCaches (0ms)
			RebuildScriptCaches (42ms)
			SetupLoadedEditorAssemblies (278ms)
				LogAssemblyErrors (0ms)
				InitializePlatformSupportModulesInManaged (5ms)
				SetLoadedEditorAssemblies (1ms)
				RefreshPlugins (0ms)
				BeforeProcessingInitializeOnLoad (76ms)
				ProcessInitializeOnLoadAttributes (183ms)
				ProcessInitializeOnLoadMethodAttributes (9ms)
				AfterProcessingInitializeOnLoad (4ms)
				EditorAssembliesLoaded (0ms)
			ExecutionOrderSort2 (0ms)
			AwakeInstancesAfterBackupRestoration (7ms)
Platform modules already initialized, skipping
========================================================================
Worker process is ready to serve import requests
Launched and connected shader compiler UnityShaderCompiler.exe after 0.06 seconds
Refreshing native plugins compatible for Editor in 0.30 ms, found 2 plugins.
Preloading 0 native plugins for Editor in 0.00 ms.
Unloading 1503 Unused Serialized files (Serialized files now loaded: 0)
System memory in use before: 160.8 MB.
System memory in use after: 160.9 MB.

Unloading 18 unused Assets to reduce memory usage. Loaded Objects now: 1965.
Total: 2.484800 ms (FindLiveObjects: 0.346000 ms CreateObjectMapping: 0.080300 ms MarkObjects: 2.032300 ms  DeleteObjects: 0.024500 ms)

AssetImportParameters requested are different than current active one (requested -> active):
  custom:framework-win-MediaFoundation: 216162199b28c13a410421893ffa2e32 -> 
  custom:video-decoder-ogg-theora: a1e56fd34408186e4bbccfd4996cb3dc -> 
  custom:container-muxer-webm: aa71ff27fc2769a1b78a27578f13a17b -> 
  custom:container-demuxer-webm: 4f35f7cbe854078d1ac9338744f61a02 -> 
  custom:container-demuxer-ogg: 62fdf1f143b41e24485cea50d1cbac27 -> 
  custom:video-encoder-webm-vp8: eb34c28f22e8b96e1ab97ce403110664 -> 
  custom:video-decoder-webm-vp8: 9c59270c3fd7afecdb556c50c9e8de78 -> 
  custom:audio-decoder-ogg-vorbis: bf7c407c2cedff20999df2af8eb42d56 -> 
  custom:audio-encoder-webm-vorbis: bf7c407c2cedff20999df2af8eb42d56 -> 
========================================================================
Received Import Request.
  path: Assets/Materials/New Material.mat
  artifactKey: Guid(f29dcb8c3b487e240bcaaff79ab1e5f8) Importer(815301076,1909f56bfc062723c751e8b465ee728b)
Start importing Assets/Materials/New Material.mat using Guid(f29dcb8c3b487e240bcaaff79ab1e5f8) Importer(815301076,1909f56bfc062723c751e8b465ee728b)  -> (artifact id: '8b2989d3549d5d46df10e65a371b03cf') in 0.136757 seconds 
  Import took 0.139132 seconds .

========================================================================
Received Import Request.
  Time since last request: 15.456199 seconds.
  path: Assets/Materials/New Material.mat
  artifactKey: Guid(f29dcb8c3b487e240bcaaff79ab1e5f8) Importer(815301076,1909f56bfc062723c751e8b465ee728b)
Start importing Assets/Materials/New Material.mat using Guid(f29dcb8c3b487e240bcaaff79ab1e5f8) Importer(815301076,1909f56bfc062723c751e8b465ee728b)  -> (artifact id: 'c77fa7e29c3abd754454ecf8ffbb2d63') in 0.016005 seconds 
  Import took 0.018574 seconds .

========================================================================
Received Import Request.
  Time since last request: 121.616561 seconds.
  path: Assets/Materials/New Material.mat
  artifactKey: Guid(f29dcb8c3b487e240bcaaff79ab1e5f8) Importer(815301076,1909f56bfc062723c751e8b465ee728b)
Start importing Assets/Materials/New Material.mat using Guid(f29dcb8c3b487e240bcaaff79ab1e5f8) Importer(815301076,1909f56bfc062723c751e8b465ee728b)  -> (artifact id: 'd5c087fc0613eaeca32ef6e88430b332') in 0.024393 seconds 
  Import took 0.027751 seconds .

========================================================================
Received Import Request.
  Time since last request: 67.429139 seconds.
  path: Assets/Materials/New Material.mat
  artifactKey: Guid(f29dcb8c3b487e240bcaaff79ab1e5f8) Importer(815301076,1909f56bfc062723c751e8b465ee728b)
Start importing Assets/Materials/New Material.mat using Guid(f29dcb8c3b487e240bcaaff79ab1e5f8) Importer(815301076,1909f56bfc062723c751e8b465ee728b)  -> (artifact id: '984e64f7149a374bec5b6105954d4bc6') in 0.015662 seconds 
  Import took 0.019711 seconds .

========================================================================
Received Import Request.
  Time since last request: 72.025816 seconds.
  path: Assets/Materials/New Material.mat
  artifactKey: Guid(f29dcb8c3b487e240bcaaff79ab1e5f8) Importer(815301076,1909f56bfc062723c751e8b465ee728b)
Start importing Assets/Materials/New Material.mat using Guid(f29dcb8c3b487e240bcaaff79ab1e5f8) Importer(815301076,1909f56bfc062723c751e8b465ee728b)  -> (artifact id: '6e69988ed84b0220020fa24621fb82fe') in 0.015952 seconds 
  Import took 0.019358 seconds .

========================================================================
Received Import Request.
  Time since last request: 174.969533 seconds.
  path: Assets/Materials/New Material.mat
  artifactKey: Guid(f29dcb8c3b487e240bcaaff79ab1e5f8) Importer(815301076,1909f56bfc062723c751e8b465ee728b)
Start importing Assets/Materials/New Material.mat using Guid(f29dcb8c3b487e240bcaaff79ab1e5f8) Importer(815301076,1909f56bfc062723c751e8b465ee728b)  -> (artifact id: 'c972d532063ac72e8e92740be5fce50c') in 0.014100 seconds 
  Import took 0.017765 seconds .

========================================================================
Received Import Request.
  Time since last request: 401.456318 seconds.
  path: Assets/Materials/New Material.mat
  artifactKey: Guid(f29dcb8c3b487e240bcaaff79ab1e5f8) Importer(815301076,1909f56bfc062723c751e8b465ee728b)
Start importing Assets/Materials/New Material.mat using Guid(f29dcb8c3b487e240bcaaff79ab1e5f8) Importer(815301076,1909f56bfc062723c751e8b465ee728b)  -> (artifact id: 'f66dc6333b3aca272c594f751d02e5ed') in 0.014256 seconds 
  Import took 0.018240 seconds .

AssetImportWorkerClient::OnTransportError - code=2 error=End of file
